2021-07-22 14:23:06  [ main:0 ] - [ INFO ]  ********************* INICIA PROCESO ***********************
2021-07-22 14:23:06  [ main:39 ] - [ ERROR ]  java.io.FileNotFoundException: select TCFACTURASCABID, SERIE_FAC, NO_FAC, ACCOUNT_NO, TECUENTAID,  SWCUSTOMERID, FECHA_EMISION, USUARIO_EMISION, ESTADO, NIT, NOMBRE, DIRECCION, TIPO_FAC, TIPO_PAGO, EMISOR_PAGO,  ID_PAGO, REFERENCIA_PAGO, MONTO_PAGADO, MONTO_FACTURA, SWDATECREATED, SWCREATEDBY, TIMESTAMP, COD_ELEMENTOID,  TENUMSCONTRID, BILL_REF_NO, BILL_REF_RESETS, ID_RELACIONADO, TIPO_ID_RELACIONADO, INTENTOS, DEPARTAMENTO, MUNICIPIO,  FEC_VENCIMIENTO, TCGFACTURAID, TCCORTECAJAID, TESALMACENESINVID, DISTRIBUIDOR, PUNTO_VENTA, VENDEDOR, DES_ESTATUSTRIB,  CREDITO_FISCAL, GIRO, NUMERO_IVA, DESCUENTO, LIQUIDADO_COBROS, FECHA_LIQ_COBROS, MONTO_FINAL, TCRETENCIONID, VALOR_RETENCION,  ENVIO_RI, FACTURA_PROCESADA, CONTRIBUCION_SEG FROM tc_facturas_vantive_vw  (El nombre de archivo, el nombre de directorio o la sintaxis de la etiqueta del volumen no son correctos)
2021-07-22 14:23:06  [ main:42 ] - [ ERROR ]  java.lang.NullPointerException: Cannot invoke "java.sql.Connection.createStatement()" because "conn" is null
2021-07-22 14:23:06  [ main:44 ] - [ WARN ]  Lista de acciones vacia
2021-07-22 14:23:06  [ main:44 ] - [ INFO ]  ********************* FINALIZA PROCESO ***********************
2021-07-22 14:27:54  [ main:0 ] - [ INFO ]  ********************* INICIA PROCESO ***********************
2021-07-22 14:27:54  [ main:6 ] - [ ERROR ]  java.io.FileNotFoundException: select TCFACTURASCABID, SERIE_FAC, NO_FAC, ACCOUNT_NO, TECUENTAID,  SWCUSTOMERID, FECHA_EMISION, USUARIO_EMISION, ESTADO, NIT, NOMBRE, DIRECCION, TIPO_FAC, TIPO_PAGO, EMISOR_PAGO,  ID_PAGO, REFERENCIA_PAGO, MONTO_PAGADO, MONTO_FACTURA, SWDATECREATED, SWCREATEDBY, TIMESTAMP, COD_ELEMENTOID,  TENUMSCONTRID, BILL_REF_NO, BILL_REF_RESETS, ID_RELACIONADO, TIPO_ID_RELACIONADO, INTENTOS, DEPARTAMENTO, MUNICIPIO,  FEC_VENCIMIENTO, TCGFACTURAID, TCCORTECAJAID, TESALMACENESINVID, DISTRIBUIDOR, PUNTO_VENTA, VENDEDOR, DES_ESTATUSTRIB,  CREDITO_FISCAL, GIRO, NUMERO_IVA, DESCUENTO, LIQUIDADO_COBROS, FECHA_LIQ_COBROS, MONTO_FINAL, TCRETENCIONID, VALOR_RETENCION,  ENVIO_RI, FACTURA_PROCESADA, CONTRIBUCION_SEG FROM tc_facturas_vantive_vw  (El nombre de archivo, el nombre de directorio o la sintaxis de la etiqueta del volumen no son correctos)
2021-07-22 14:27:54  [ main:8 ] - [ ERROR ]  java.lang.NullPointerException: Cannot invoke "java.sql.Connection.createStatement()" because "conn" is null
2021-07-22 14:27:54  [ main:8 ] - [ WARN ]  Lista de acciones vacia
2021-07-22 14:27:54  [ main:8 ] - [ INFO ]  ********************* FINALIZA PROCESO ***********************
2021-07-22 14:31:02  [ main:0 ] - [ INFO ]  ********************* INICIA PROCESO ***********************
2021-07-22 14:31:02  [ main:13 ] - [ ERROR ]  java.io.FileNotFoundException: select TCFACTURASCABID, SERIE_FAC, NO_FAC, ACCOUNT_NO, TECUENTAID,  SWCUSTOMERID, FECHA_EMISION, USUARIO_EMISION, ESTADO, NIT, NOMBRE, DIRECCION, TIPO_FAC, TIPO_PAGO, EMISOR_PAGO,  ID_PAGO, REFERENCIA_PAGO, MONTO_PAGADO, MONTO_FACTURA, SWDATECREATED, SWCREATEDBY, TIMESTAMP, COD_ELEMENTOID,  TENUMSCONTRID, BILL_REF_NO, BILL_REF_RESETS, ID_RELACIONADO, TIPO_ID_RELACIONADO, INTENTOS, DEPARTAMENTO, MUNICIPIO,  FEC_VENCIMIENTO, TCGFACTURAID, TCCORTECAJAID, TESALMACENESINVID, DISTRIBUIDOR, PUNTO_VENTA, VENDEDOR, DES_ESTATUSTRIB,  CREDITO_FISCAL, GIRO, NUMERO_IVA, DESCUENTO, LIQUIDADO_COBROS, FECHA_LIQ_COBROS, MONTO_FINAL, TCRETENCIONID, VALOR_RETENCION,  ENVIO_RI, FACTURA_PROCESADA, CONTRIBUCION_SEG FROM tc_facturas_vantive_vw  (El nombre de archivo, el nombre de directorio o la sintaxis de la etiqueta del volumen no son correctos)
2021-07-22 14:31:02  [ main:16 ] - [ ERROR ]  java.lang.NullPointerException: Cannot invoke "java.sql.Connection.createStatement()" because "conn" is null
2021-07-22 14:31:02  [ main:17 ] - [ WARN ]  Lista de acciones vacia
2021-07-22 14:31:02  [ main:17 ] - [ INFO ]  ********************* FINALIZA PROCESO ***********************
2021-07-22 14:33:03  [ main:0 ] - [ INFO ]  ********************* INICIA PROCESO ***********************
2021-07-22 14:33:03  [ main:6 ] - [ ERROR ]  java.io.FileNotFoundException: config.properties (El sistema no puede encontrar el archivo especificado)
2021-07-22 14:33:03  [ main:7 ] - [ ERROR ]  java.lang.NullPointerException: Cannot invoke "java.sql.Connection.createStatement()" because "conn" is null
2021-07-22 14:33:03  [ main:7 ] - [ WARN ]  Lista de acciones vacia
2021-07-22 14:33:03  [ main:7 ] - [ INFO ]  ********************* FINALIZA PROCESO ***********************
2021-07-22 14:40:46  [ main:0 ] - [ INFO ]  ********************* INICIA PROCESO ***********************
2021-07-22 14:40:49  [ main:3088 ] - [ ERROR ]  java.sql.SQLException: ORA-01017: invalid username/password; logon denied

2021-07-22 14:40:49  [ main:3090 ] - [ ERROR ]  java.lang.NullPointerException: Cannot invoke "java.sql.Connection.createStatement()" because "conn" is null
2021-07-22 14:40:49  [ main:3090 ] - [ WARN ]  Lista de acciones vacia
2021-07-22 14:40:49  [ main:3091 ] - [ INFO ]  ********************* FINALIZA PROCESO ***********************
2021-07-22 14:41:27  [ main:0 ] - [ INFO ]  ********************* INICIA PROCESO ***********************
2021-07-22 14:41:30  [ main:3267 ] - [ INFO ]  select TCFACTURASCABID, SERIE_FAC, NO_FAC, ACCOUNT_NO, TECUENTAID,  SWCUSTOMERID, FECHA_EMISION, USUARIO_EMISION, ESTADO, NIT, NOMBRE, DIRECCION, TIPO_FAC, TIPO_PAGO, EMISOR_PAGO,  ID_PAGO, REFERENCIA_PAGO, MONTO_PAGADO, MONTO_FACTURA, SWDATECREATED, SWCREATEDBY, TIMESTAMP, COD_ELEMENTOID,  TENUMSCONTRID, BILL_REF_NO, BILL_REF_RESETS, ID_RELACIONADO, TIPO_ID_RELACIONADO, INTENTOS, DEPARTAMENTO, MUNICIPIO,  FEC_VENCIMIENTO, TCGFACTURAID, TCCORTECAJAID, TESALMACENESINVID, DISTRIBUIDOR, PUNTO_VENTA, VENDEDOR, DES_ESTATUSTRIB,  CREDITO_FISCAL, GIRO, NUMERO_IVA, DESCUENTO, LIQUIDADO_COBROS, FECHA_LIQ_COBROS, MONTO_FINAL, TCRETENCIONID, VALOR_RETENCION,  ENVIO_RI, FACTURA_PROCESADA, CONTRIBUCION_SEG FROM tc_facturas_vantive_vw 
2021-07-22 14:41:33  [ main:6329 ] - [ INFO ]  select TCFACTURASCABID, SERIE_FAC, NO_FAC, ACCOUNT_NO, TECUENTAID,  SWCUSTOMERID, FECHA_EMISION, USUARIO_EMISION, ESTADO, NIT, NOMBRE, DIRECCION, TIPO_FAC, TIPO_PAGO, EMISOR_PAGO,  ID_PAGO, REFERENCIA_PAGO, MONTO_PAGADO, MONTO_FACTURA, SWDATECREATED, SWCREATEDBY, TIMESTAMP, COD_ELEMENTOID,  TENUMSCONTRID, BILL_REF_NO, BILL_REF_RESETS, ID_RELACIONADO, TIPO_ID_RELACIONADO, INTENTOS, DEPARTAMENTO, MUNICIPIO,  FEC_VENCIMIENTO, TCGFACTURAID, TCCORTECAJAID, TESALMACENESINVID, DISTRIBUIDOR, PUNTO_VENTA, VENDEDOR, DES_ESTATUSTRIB,  CREDITO_FISCAL, GIRO, NUMERO_IVA, DESCUENTO, LIQUIDADO_COBROS, FECHA_LIQ_COBROS, MONTO_FINAL, TCRETENCIONID, VALOR_RETENCION,  ENVIO_RI, FACTURA_PROCESADA, CONTRIBUCION_SEG FROM tc_facturas_vantive_vw 
2021-07-22 14:41:33  [ main:6484 ] - [ INFO ]  OBJETO HISTORIAL: 0
2021-07-22 14:41:33  [ main:6484 ] - [ INFO ]  OBJETO HISTORIAL: 0
2021-07-22 14:41:33  [ main:6485 ] - [ INFO ]  OBJETO HISTORIAL: 0
2021-07-22 14:41:33  [ main:6485 ] - [ INFO ]  ********************* FINALIZA PROCESO ***********************
2021-07-22 23:24:32  [ main:0 ] - [ INFO ]  ********************* INICIA PROCESO ***********************
2021-07-22 23:24:35  [ main:2981 ] - [ INFO ]  select TCFACTURASCABID, SERIE_FAC, NO_FAC, ACCOUNT_NO, TECUENTAID,  SWCUSTOMERID, FECHA_EMISION, USUARIO_EMISION, ESTADO, NIT, NOMBRE, DIRECCION, TIPO_FAC, TIPO_PAGO, EMISOR_PAGO,  ID_PAGO, REFERENCIA_PAGO, MONTO_PAGADO, MONTO_FACTURA, SWDATECREATED, SWCREATEDBY, TIMESTAMP, COD_ELEMENTOID,  TENUMSCONTRID, BILL_REF_NO, BILL_REF_RESETS, ID_RELACIONADO, TIPO_ID_RELACIONADO, INTENTOS, DEPARTAMENTO, MUNICIPIO,  FEC_VENCIMIENTO, TCGFACTURAID, TCCORTECAJAID, TESALMACENESINVID, DISTRIBUIDOR, PUNTO_VENTA, VENDEDOR, DES_ESTATUSTRIB,  CREDITO_FISCAL, GIRO, NUMERO_IVA, DESCUENTO, LIQUIDADO_COBROS, FECHA_LIQ_COBROS, MONTO_FINAL, TCRETENCIONID, VALOR_RETENCION,  ENVIO_RI, FACTURA_PROCESADA, CONTRIBUCION_SEG FROM tc_facturas_vantive_vw 
2021-07-22 23:29:36  [ main:0 ] - [ INFO ]  ********************* INICIA PROCESO ***********************
2021-07-22 23:29:39  [ main:2929 ] - [ INFO ]  select TCFACTURASCABID, SERIE_FAC, NO_FAC, ACCOUNT_NO, TECUENTAID,  SWCUSTOMERID, FECHA_EMISION, USUARIO_EMISION, ESTADO, NIT, NOMBRE, DIRECCION, TIPO_FAC, TIPO_PAGO, EMISOR_PAGO,  ID_PAGO, REFERENCIA_PAGO, MONTO_PAGADO, MONTO_FACTURA, SWDATECREATED, SWCREATEDBY, TIMESTAMP, COD_ELEMENTOID,  TENUMSCONTRID, BILL_REF_NO, BILL_REF_RESETS, ID_RELACIONADO, TIPO_ID_RELACIONADO, INTENTOS, DEPARTAMENTO, MUNICIPIO,  FEC_VENCIMIENTO, TCGFACTURAID, TCCORTECAJAID, TESALMACENESINVID, DISTRIBUIDOR, PUNTO_VENTA, VENDEDOR, DES_ESTATUSTRIB,  CREDITO_FISCAL, GIRO, NUMERO_IVA, DESCUENTO, LIQUIDADO_COBROS, FECHA_LIQ_COBROS, MONTO_FINAL, TCRETENCIONID, VALOR_RETENCION,  ENVIO_RI, FACTURA_PROCESADA, CONTRIBUCION_SEG FROM tc_facturas_vantive_vw 
2021-07-22 23:29:45  [ main:8329 ] - [ ERROR ]  java.sql.SQLException: ORA-06550: line 1, column 7:
PLS-00306: wrong number or types of arguments in call to 'WS_CREA_DOC1_PRO'
ORA-06550: line 1, column 7:
PL/SQL: Statement ignored

2021-07-22 23:29:45  [ main:8399 ] - [ INFO ]  [ProcesoFacturas] Ejecuta SP para id => 23831350 Resultado => 
2021-07-22 23:29:45  [ main:8399 ] - [ INFO ]  OBJETO FACTURAS: 0
2021-07-22 23:29:45  [ main:8400 ] - [ INFO ]  Resultado de consumo: 
2021-07-22 23:29:47  [ main:10864 ] - [ ERROR ]  java.sql.SQLException: ORA-06550: line 1, column 7:
PLS-00306: wrong number or types of arguments in call to 'WS_CREA_DOC1_PRO'
ORA-06550: line 1, column 7:
PL/SQL: Statement ignored

2021-07-22 23:29:47  [ main:10933 ] - [ INFO ]  [ProcesoFacturas] Ejecuta SP para id => 23831351 Resultado => 
2021-07-22 23:29:47  [ main:10933 ] - [ INFO ]  OBJETO FACTURAS: 0
2021-07-22 23:29:47  [ main:10934 ] - [ INFO ]  Resultado de consumo: 
2021-07-22 23:29:50  [ main:13452 ] - [ ERROR ]  java.sql.SQLException: ORA-06550: line 1, column 7:
PLS-00306: wrong number or types of arguments in call to 'WS_CREA_DOC1_PRO'
ORA-06550: line 1, column 7:
PL/SQL: Statement ignored

2021-07-22 23:29:50  [ main:13522 ] - [ INFO ]  [ProcesoFacturas] Ejecuta SP para id => 23831372 Resultado => 
2021-07-22 23:29:50  [ main:13522 ] - [ INFO ]  OBJETO FACTURAS: 0
2021-07-22 23:29:50  [ main:13522 ] - [ INFO ]  Resultado de consumo: 
2021-07-22 23:29:50  [ main:13522 ] - [ INFO ]  ********************* FINALIZA PROCESO ***********************
