2021-07-23 08:31:51  [ main:21421 ] - [ ERROR ]  java.sql.SQLRecoverableException: IO Error: The Network Adapter could not establish the connection
 2021-07-23 08:31:51  [ main:21424 ] - [ ERROR ]  java.lang.NullPointerException: Cannot invoke "java.sql.Connection.createStatement()" because "conn" is null
 2021-07-23 08:37:31  [ main:9546 ] - [ ERROR ]  java.sql.SQLException: Missing IN or OUT parameter at index:: 2
 2021-07-23 08:37:34  [ main:12505 ] - [ ERROR ]  java.sql.SQLException: Missing IN or OUT parameter at index:: 2
 2021-07-23 08:37:37  [ main:15798 ] - [ ERROR ]  java.sql.SQLException: Missing IN or OUT parameter at index:: 2
 2021-08-24 13:55:22  [ main:18 ] - [ ERROR ]  FileNotFoundException => 
 java.io.FileNotFoundException: config.properties (El sistema no puede encontrar el archivo especificado)
	at java.base/java.io.FileInputStream.open0(Native Method)
	at java.base/java.io.FileInputStream.open(FileInputStream.java:211)
	at java.base/java.io.FileInputStream.<init>(FileInputStream.java:153)
	at java.base/java.io.FileInputStream.<init>(FileInputStream.java:108)
	at java.base/java.io.FileReader.<init>(FileReader.java:60)
	at com.qitcorp.connection.ConnectionDB.getConnection(ConnectionDB.java:23)
	at com.qitcorp.dao.ProcesoFacturasDao.obtenerFacturasVantive(ProcesoFacturasDao.java:61)
	at com.qitcorp.controller.ProcesoFacturasController.startProcessFactura(ProcesoFacturasController.java:34)
	at com.qitcorp.main.StartProcess.main(StartProcess.java:17)
2021-08-24 13:55:22  [ main:24 ] - [ ERROR ]  Exception => 
 java.lang.NullPointerException: Cannot invoke "java.sql.Connection.createStatement()" because "conn" is null
	at com.qitcorp.dao.ProcesoFacturasDao.obtenerFacturasVantive(ProcesoFacturasDao.java:62)
	at com.qitcorp.controller.ProcesoFacturasController.startProcessFactura(ProcesoFacturasController.java:34)
	at com.qitcorp.main.StartProcess.main(StartProcess.java:17)
2021-08-24 13:55:58  [ main:5320 ] - [ ERROR ]  java.sql.SQLSyntaxErrorException: ORA-00971: missing SET keyword

 2021-08-24 13:58:59  [ main:5412 ] - [ ERROR ]  java.sql.SQLSyntaxErrorException: ORA-00971: missing SET keyword

 2021-08-24 13:59:03  [ main:9864 ] - [ ERROR ]  java.sql.SQLSyntaxErrorException: ORA-00971: missing SET keyword

 2021-08-24 14:02:00  [ main:4418 ] - [ ERROR ]  java.sql.SQLSyntaxErrorException: ORA-00971: missing SET keyword

 2021-08-24 14:06:10  [ main:4581 ] - [ ERROR ]  java.sql.SQLSyntaxErrorException: ORA-00971: missing SET keyword

 2021-08-24 15:12:12  [ main:4216 ] - [ ERROR ]  java.sql.SQLSyntaxErrorException: ORA-00971: missing SET keyword

 2021-08-24 15:12:16  [ main:8074 ] - [ ERROR ]  java.sql.SQLSyntaxErrorException: ORA-00971: missing SET keyword

 2021-08-24 15:25:47  [ main:4941 ] - [ ERROR ]  java.sql.SQLSyntaxErrorException: ORA-00971: missing SET keyword

 2021-08-24 15:25:51  [ main:9219 ] - [ ERROR ]  java.sql.SQLSyntaxErrorException: ORA-00971: missing SET keyword

 2021-08-24 15:35:30  [ main:4727 ] - [ ERROR ]  java.sql.SQLSyntaxErrorException: ORA-00971: missing SET keyword

 2021-08-24 15:35:40  [ main:14927 ] - [ ERROR ]  java.sql.SQLSyntaxErrorException: ORA-00971: missing SET keyword

 2021-08-24 15:35:49  [ main:23296 ] - [ ERROR ]  java.sql.SQLSyntaxErrorException: ORA-00971: missing SET keyword

 2021-08-24 15:35:53  [ main:27422 ] - [ ERROR ]  java.sql.SQLSyntaxErrorException: ORA-00971: missing SET keyword

 2021-08-24 15:35:58  [ main:32433 ] - [ ERROR ]  java.sql.SQLSyntaxErrorException: ORA-00971: missing SET keyword

 2021-08-24 15:36:01  [ main:35422 ] - [ ERROR ]  java.sql.SQLSyntaxErrorException: ORA-00971: missing SET keyword

 2021-08-24 15:36:03  [ main:38176 ] - [ ERROR ]  java.sql.SQLSyntaxErrorException: ORA-00971: missing SET keyword

 2021-08-24 15:36:06  [ main:41109 ] - [ ERROR ]  java.sql.SQLSyntaxErrorException: ORA-00971: missing SET keyword

 2021-08-24 15:36:09  [ main:43793 ] - [ ERROR ]  java.sql.SQLSyntaxErrorException: ORA-00971: missing SET keyword

 2021-08-24 15:36:12  [ main:46539 ] - [ ERROR ]  java.sql.SQLSyntaxErrorException: ORA-00971: missing SET keyword

 2021-08-24 15:36:15  [ main:49275 ] - [ ERROR ]  java.sql.SQLSyntaxErrorException: ORA-00971: missing SET keyword

 2021-08-24 15:36:17  [ main:52033 ] - [ ERROR ]  java.sql.SQLSyntaxErrorException: ORA-00971: missing SET keyword

 2021-08-24 15:36:20  [ main:54723 ] - [ ERROR ]  java.sql.SQLSyntaxErrorException: ORA-00971: missing SET keyword

 2021-08-24 16:25:28  [ main:4497 ] - [ ERROR ]  java.sql.SQLSyntaxErrorException: ORA-00971: missing SET keyword

 2021-08-24 16:25:35  [ main:11521 ] - [ ERROR ]  java.sql.SQLSyntaxErrorException: ORA-00971: missing SET keyword

 2021-08-24 16:25:39  [ main:15681 ] - [ ERROR ]  java.sql.SQLSyntaxErrorException: ORA-00971: missing SET keyword

 2021-08-24 16:25:44  [ main:20200 ] - [ ERROR ]  java.sql.SQLSyntaxErrorException: ORA-00971: missing SET keyword

 2021-08-24 16:25:48  [ main:24513 ] - [ ERROR ]  java.sql.SQLSyntaxErrorException: ORA-00971: missing SET keyword

 2021-08-24 16:25:54  [ main:30083 ] - [ ERROR ]  java.sql.SQLSyntaxErrorException: ORA-00971: missing SET keyword

 2021-08-24 16:26:00  [ main:36123 ] - [ ERROR ]  java.sql.SQLSyntaxErrorException: ORA-00971: missing SET keyword

 2021-08-24 16:26:06  [ main:42313 ] - [ ERROR ]  java.sql.SQLSyntaxErrorException: ORA-00971: missing SET keyword

 2021-08-24 16:26:10  [ main:46577 ] - [ ERROR ]  java.sql.SQLSyntaxErrorException: ORA-00971: missing SET keyword

 2021-08-24 16:26:14  [ main:50547 ] - [ ERROR ]  java.sql.SQLSyntaxErrorException: ORA-00971: missing SET keyword

 2021-08-24 16:26:20  [ main:56640 ] - [ ERROR ]  java.sql.SQLSyntaxErrorException: ORA-00971: missing SET keyword

 2021-08-24 16:26:25  [ main:60973 ] - [ ERROR ]  java.sql.SQLSyntaxErrorException: ORA-00971: missing SET keyword

 2021-08-24 16:26:28  [ main:64722 ] - [ ERROR ]  java.sql.SQLSyntaxErrorException: ORA-00971: missing SET keyword

 2021-08-24 16:26:33  [ main:68968 ] - [ ERROR ]  java.sql.SQLSyntaxErrorException: ORA-00971: missing SET keyword

 2021-08-24 16:26:37  [ main:73682 ] - [ ERROR ]  java.sql.SQLSyntaxErrorException: ORA-00971: missing SET keyword

 2021-08-24 16:26:42  [ main:78229 ] - [ ERROR ]  java.sql.SQLSyntaxErrorException: ORA-00971: missing SET keyword

 2021-08-24 16:34:53  [ main:5453 ] - [ ERROR ]  java.sql.SQLSyntaxErrorException: ORA-00971: missing SET keyword

 2021-08-24 16:34:59  [ main:11885 ] - [ ERROR ]  java.sql.SQLSyntaxErrorException: ORA-00971: missing SET keyword

 2021-08-24 16:41:49  [ main:4654 ] - [ ERROR ]  java.sql.SQLSyntaxErrorException: ORA-00971: missing SET keyword

 2021-08-24 16:41:55  [ main:10507 ] - [ ERROR ]  java.sql.SQLSyntaxErrorException: ORA-00971: missing SET keyword

 2021-08-24 16:42:01  [ main:16689 ] - [ ERROR ]  java.sql.SQLSyntaxErrorException: ORA-00971: missing SET keyword

 2021-08-24 16:42:06  [ main:21410 ] - [ ERROR ]  java.sql.SQLSyntaxErrorException: ORA-00971: missing SET keyword

 2021-08-24 16:42:11  [ main:25874 ] - [ ERROR ]  java.sql.SQLSyntaxErrorException: ORA-00971: missing SET keyword

 2021-08-24 16:42:14  [ main:29807 ] - [ ERROR ]  java.sql.SQLSyntaxErrorException: ORA-00971: missing SET keyword

 2021-08-24 16:42:19  [ main:34469 ] - [ ERROR ]  java.sql.SQLSyntaxErrorException: ORA-00971: missing SET keyword

 